This is pdfTeX, Version 3.1415926-2.4-1.40.13 (TeX Live 2012/TeX Live for SUSE Linux) (format=pdflatex 2013.5.7)  14 MAY 2013 11:14
entering extended mode
 restricted \write18 enabled.
 %&-line parsing enabled.
**\input TFM.tex
(./TFM.tex (/usr/share/texmf/tex/latex/base/report.cls
Document Class: report 2007/10/19 v1.4h Standard LaTeX document class
(/usr/share/texmf/tex/latex/base/size10.clo
File: size10.clo 2007/10/19 v1.4h Standard LaTeX file (size option)
)
\c@part=\count79
\c@chapter=\count80
\c@section=\count81
\c@subsection=\count82
\c@subsubsection=\count83
\c@paragraph=\count84
\c@subparagraph=\count85
\c@figure=\count86
\c@table=\count87
\abovecaptionskip=\skip41
\belowcaptionskip=\skip42
\bibindent=\dimen102
)
(/usr/share/texmf/tex/latex/base/inputenc.sty
Package: inputenc 2008/03/30 v1.1d Input encoding file
\inpenc@prehook=\toks14
\inpenc@posthook=\toks15

(/usr/share/texmf/tex/latex/ucs/utf8x.def
File: utf8x.def 2004/10/17 UCS: Input encoding UTF-8
))
(/usr/share/texmf/tex/latex/ucs/ucs.sty
Package: ucs 2004/10/17 UCS: Unicode input support

(/usr/share/texmf/tex/latex/ucs/data/uni-global.def
File: uni-global.def 2012/04/20 UCS: Unicode global data
)
\uc@secondtry=\count88
\uc@combtoks=\toks16
\uc@combtoksb=\toks17
\uc@temptokena=\toks18
)
(/usr/share/texmf/tex/generic/babel/babel.sty
Package: babel 2008/07/08 v3.8m The Babel package

(/usr/share/texmf/tex/generic/babel/spanish.ldf
Language: spanish.ldf 2011/10/06 v5.0k Spanish support from the babel system

(/usr/share/texmf/tex/generic/babel/babel.def
File: babel.def 2008/07/08 v3.8m Babel common definitions
\babel@savecnt=\count89
\U@D=\dimen103
)
\es@datefmt=\count90
\es@quottoks=\toks19
\es@quotdepth=\count91
Package babel Info: Making " an active character on input line 496.
Package babel Info: Making . an active character on input line 599.
Package babel Info: Making < an active character on input line 644.
Package babel Info: Making > an active character on input line 644.
))
(/usr/share/texmf/tex/latex/amsmath/amsmath.sty
Package: amsmath 2000/07/18 v2.13 AMS math features
\@mathmargin=\skip43

For additional information on amsmath, use the `?' option.
(/usr/share/texmf/tex/latex/amsmath/amstext.sty
Package: amstext 2000/06/29 v2.01

(/usr/share/texmf/tex/latex/amsmath/amsgen.sty
File: amsgen.sty 1999/11/30 v2.0
\@emptytoks=\toks20
\ex@=\dimen104
))
(/usr/share/texmf/tex/latex/amsmath/amsbsy.sty
Package: amsbsy 1999/11/29 v1.2d
\pmbraise@=\dimen105
)
(/usr/share/texmf/tex/latex/amsmath/amsopn.sty
Package: amsopn 1999/12/14 v2.01 operator names
)
\inf@bad=\count92
LaTeX Info: Redefining \frac on input line 211.
\uproot@=\count93
\leftroot@=\count94
LaTeX Info: Redefining \overline on input line 307.
\classnum@=\count95
\DOTSCASE@=\count96
LaTeX Info: Redefining \ldots on input line 379.
LaTeX Info: Redefining \dots on input line 382.
LaTeX Info: Redefining \cdots on input line 467.
\Mathstrutbox@=\box26
\strutbox@=\box27
\big@size=\dimen106
LaTeX Font Info:    Redeclaring font encoding OML on input line 567.
LaTeX Font Info:    Redeclaring font encoding OMS on input line 568.
\macc@depth=\count97
\c@MaxMatrixCols=\count98
\dotsspace@=\muskip10
\c@parentequation=\count99
\dspbrk@lvl=\count100
\tag@help=\toks21
\row@=\count101
\column@=\count102
\maxfields@=\count103
\andhelp@=\toks22
\eqnshift@=\dimen107
\alignsep@=\dimen108
\tagshift@=\dimen109
\tagwidth@=\dimen110
\totwidth@=\dimen111
\lineht@=\dimen112
\@envbody=\toks23
\multlinegap=\skip44
\multlinetaggap=\skip45
\mathdisplay@stack=\toks24
LaTeX Info: Redefining \[ on input line 2666.
LaTeX Info: Redefining \] on input line 2667.
)
(/usr/share/texmf/tex/latex/amsfonts/amsfonts.sty
Package: amsfonts 2009/06/22 v3.00 Basic AMSFonts support
\symAMSa=\mathgroup4
\symAMSb=\mathgroup5
LaTeX Font Info:    Overwriting math alphabet `\mathfrak' in version `bold'
(Font)                  U/euf/m/n --> U/euf/b/n on input line 96.
) (./TFM.aux
LaTeX Info: Redefining \. on input line 6.
LaTeX Info: Redefining \% on input line 6.
 (./teoria.aux)
(./Elasticidad.aux))
\openout1 = `TFM.aux'.

LaTeX Font Info:    Checking defaults for OML/cmm/m/it on input line 9.
LaTeX Font Info:    ... okay on input line 9.
LaTeX Font Info:    Checking defaults for T1/cmr/m/n on input line 9.
LaTeX Font Info:    ... okay on input line 9.
LaTeX Font Info:    Checking defaults for OT1/cmr/m/n on input line 9.
LaTeX Font Info:    ... okay on input line 9.
LaTeX Font Info:    Checking defaults for OMS/cmsy/m/n on input line 9.
LaTeX Font Info:    ... okay on input line 9.
LaTeX Font Info:    Checking defaults for OMX/cmex/m/n on input line 9.
LaTeX Font Info:    ... okay on input line 9.
LaTeX Font Info:    Checking defaults for U/cmr/m/n on input line 9.
LaTeX Font Info:    ... okay on input line 9.
 (/usr/share/texmf/tex/latex/ucs/ucsencs.def
File: ucsencs.def 2011/01/21 Fixes to fontencodings LGR, T3
)
LaTeX Info: Redefining \. on input line 9.
LaTeX Info: Redefining \% on input line 9.

(/usr/share/texmf/tex/latex/ucs/data/uni-0.def
File: uni-0.def 2012/04/20 UCS: Unicode data U+0000..U+00FF
)
LaTeX Font Info:    Try loading font information for U+msa on input line 10.

(/usr/share/texmf/tex/latex/amsfonts/umsa.fd
File: umsa.fd 2009/06/22 v3.00 AMS symbols A
)
LaTeX Font Info:    Try loading font information for U+msb on input line 10.

(/usr/share/texmf/tex/latex/amsfonts/umsb.fd
File: umsb.fd 2009/06/22 v3.00 AMS symbols B
) [1

{/var/lib/texmf/fonts/map/pdftex/updmap/pdftex.map}] (./TFM.toc
LaTeX Info: Redefining \. on input line 1.
LaTeX Info: Redefining \% on input line 1.
)
\tf@toc=\write3
\openout3 = `TFM.toc'.

 [1

]
\openout2 = `teoria.aux'.

 (./teoria.tex [2

] [3] [4] [5]) [6]
\openout2 = `Elasticidad.aux'.


(./Elasticidad.tex [7


]) [8] (./TFM.aux
LaTeX Info: Redefining \. on input line 6.
LaTeX Info: Redefining \% on input line 6.
 (./teoria.aux) (./Elasticidad.aux)) ) 
Here is how much of TeX's memory you used:
 2361 strings out of 493607
 28285 string characters out of 3149946
 93446 words of memory out of 3500000
 5655 multiletter control sequences out of 15000+200000
 15179 words of font info for 57 fonts, out of 3000000 for 9000
 831 hyphenation exceptions out of 8191
 27i,10n,27p,337b,585s stack positions out of 5000i,500n,10000p,200000b,50000s
</usr/share/texmf/fonts/type1/public/amsf
onts/cm/cmbx10.pfb></usr/share/texmf/fonts/type1/public/amsfonts/cm/cmbx12.pfb>
</usr/share/texmf/fonts/type1/public/amsfonts/cm/cmbx7.pfb></usr/share/texmf/fo
nts/type1/public/amsfonts/cm/cmex10.pfb></usr/share/texmf/fonts/type1/public/am
sfonts/cm/cmmi10.pfb></usr/share/texmf/fonts/type1/public/amsfonts/cm/cmmi7.pfb
></usr/share/texmf/fonts/type1/public/amsfonts/cm/cmmib10.pfb></usr/share/texmf
/fonts/type1/public/amsfonts/cm/cmr10.pfb></usr/share/texmf/fonts/type1/public/
amsfonts/cm/cmr12.pfb></usr/share/texmf/fonts/type1/public/amsfonts/cm/cmr17.pf
b></usr/share/texmf/fonts/type1/public/amsfonts/cm/cmr5.pfb></usr/share/texmf/f
onts/type1/public/amsfonts/cm/cmr6.pfb></usr/share/texmf/fonts/type1/public/ams
fonts/cm/cmr7.pfb></usr/share/texmf/fonts/type1/public/amsfonts/cm/cmr8.pfb></u
sr/share/texmf/fonts/type1/public/amsfonts/cm/cmsy10.pfb></usr/share/texmf/font
s/type1/public/amsfonts/cm/cmsy7.pfb></usr/share/texmf/fonts/type1/public/amsfo
nts/symbols/msbm10.pfb>
Output written on TFM.pdf (9 pages, 191939 bytes).
PDF statistics:
 102 PDF objects out of 1000 (max. 8388607)
 73 compressed objects within 1 object stream
 0 named destinations out of 1000 (max. 500000)
 1 words of extra memory for PDF output out of 10000 (max. 10000000)

